[2021-12-03 15:12:06] production.ERROR: SQLSTATE[HY000] [1045] Access denied for user 'forge'@'localhost' (using password: NO) (SQL: select * from information_schema.tables where table_schema = forge and table_name = pages and table_type = 'BASE TABLE') {"exception":"[object] (Illuminate\\Database\\QueryException(code: 1045): SQLSTATE[HY000] [1045] Access denied for user 'forge'@'localhost' (using password: NO) (SQL: select * from information_schema.tables where table_schema = forge and table_name = pages and table_type = 'BASE TABLE') at E:\\OpenServer\\domains\\vittim.live\\vendor\\laravel\\framework\\src\\Illuminate\\Database\\Connection.php:669)
[stacktrace]
#0 E:\\OpenServer\\domains\\vittim.live\\vendor\\laravel\\framework\\src\\Illuminate\\Database\\Connection.php(629): Illuminate\\Database\\Connection->runQueryCallback()
#1 E:\\OpenServer\\domains\\vittim.live\\vendor\\laravel\\framework\\src\\Illuminate\\Database\\Connection.php(338): Illuminate\\Database\\Connection->run()
#2 E:\\OpenServer\\domains\\vittim.live\\vendor\\laravel\\framework\\src\\Illuminate\\Database\\Schema\\MySqlBuilder.php(18): Illuminate\\Database\\Connection->select()
#3 E:\\OpenServer\\domains\\vittim.live\\vendor\\laravel\\framework\\src\\Illuminate\\Support\\Facades\\Facade.php(261): Illuminate\\Database\\Schema\\MySqlBuilder->hasTable()
#4 E:\\OpenServer\\domains\\vittim.live\\app\\Page.php(112): Illuminate\\Support\\Facades\\Facade::__callStatic()
#5 E:\\OpenServer\\domains\\vittim.live\outes\\web.php(461): App\\Page::get_reports_routes()
#6 E:\\OpenServer\\domains\\vittim.live\\vendor\\laravel\\framework\\src\\Illuminate\\Routing\\RouteFileRegistrar.php(35): require('E:\\\\OpenServer\\\\d...')
#7 E:\\OpenServer\\domains\\vittim.live\\vendor\\laravel\\framework\\src\\Illuminate\\Routing\\Router.php(416): Illuminate\\Routing\\RouteFileRegistrar->register()
#8 E:\\OpenServer\\domains\\vittim.live\\vendor\\laravel\\framework\\src\\Illuminate\\Routing\\Router.php(374): Illuminate\\Routing\\Router->loadRoutes()
#9 E:\\OpenServer\\domains\\vittim.live\\vendor\\laravel\\framework\\src\\Illuminate\\Routing\\RouteRegistrar.php(122): Illuminate\\Routing\\Router->group()
#10 E:\\OpenServer\\domains\\vittim.live\\app\\Providers\\RouteServiceProvider.php(70): Illuminate\\Routing\\RouteRegistrar->group()
#11 E:\\OpenServer\\domains\\vittim.live\\app\\Providers\\RouteServiceProvider.php(52): App\\Providers\\RouteServiceProvider->mapWebRoutes()
#12 E:\\OpenServer\\domains\\vittim.live\\vendor\\laravel\\framework\\src\\Illuminate\\Container\\BoundMethod.php(36): App\\Providers\\RouteServiceProvider->map()
#13 E:\\OpenServer\\domains\\vittim.live\\vendor\\laravel\\framework\\src\\Illuminate\\Container\\Util.php(37): Illuminate\\Container\\BoundMethod::Illuminate\\Container\\{closure}()
#14 E:\\OpenServer\\domains\\vittim.live\\vendor\\laravel\\framework\\src\\Illuminate\\Container\\BoundMethod.php(93): Illuminate\\Container\\Util::unwrapIfClosure()
#15 E:\\OpenServer\\domains\\vittim.live\\vendor\\laravel\\framework\\src\\Illuminate\\Container\\BoundMethod.php(37): Illuminate\\Container\\BoundMethod::callBoundMethod()
#16 E:\\OpenServer\\domains\\vittim.live\\vendor\\laravel\\framework\\src\\Illuminate\\Container\\Container.php(590): Illuminate\\Container\\BoundMethod::call()
#17 E:\\OpenServer\\domains\\vittim.live\\vendor\\laravel\\framework\\src\\Illuminate\\Foundation\\Support\\Providers\\RouteServiceProvider.php(87): Illuminate\\Container\\Container->call()
#18 E:\\OpenServer\\domains\\vittim.live\\vendor\\laravel\\framework\\src\\Illuminate\\Foundation\\Support\\Providers\\RouteServiceProvider.php(36): Illuminate\\Foundation\\Support\\Providers\\RouteServiceProvider->loadRoutes()
#19 E:\\OpenServer\\domains\\vittim.live\\app\\Providers\\RouteServiceProvider.php(41): Illuminate\\Foundation\\Support\\Providers\\RouteServiceProvider->boot()
#20 E:\\OpenServer\\domains\\vittim.live\\vendor\\laravel\\framework\\src\\Illuminate\\Container\\BoundMethod.php(36): App\\Providers\\RouteServiceProvider->boot()
#21 E:\\OpenServer\\domains\\vittim.live\\vendor\\laravel\\framework\\src\\Illuminate\\Container\\Util.php(37): Illuminate\\Container\\BoundMethod::Illuminate\\Container\\{closure}()
#22 E:\\OpenServer\\domains\\vittim.live\\vendor\\laravel\\framework\\src\\Illuminate\\Container\\BoundMethod.php(93): Illuminate\\Container\\Util::unwrapIfClosure()
#23 E:\\OpenServer\\domains\\vittim.live\\vendor\\laravel\\framework\\src\\Illuminate\\Container\\BoundMethod.php(37): Illuminate\\Container\\BoundMethod::callBoundMethod()
#24 E:\\OpenServer\\domains\\vittim.live\\vendor\\laravel\\framework\\src\\Illuminate\\Container\\Container.php(590): Illuminate\\Container\\BoundMethod::call()
#25 E:\\OpenServer\\domains\\vittim.live\\vendor\\laravel\\framework\\src\\Illuminate\\Foundation\\Application.php(856): Illuminate\\Container\\Container->call()
#26 E:\\OpenServer\\domains\\vittim.live\\vendor\\laravel\\framework\\src\\Illuminate\\Foundation\\Application.php(839): Illuminate\\Foundation\\Application->bootProvider()
#27 [internal function]: Illuminate\\Foundation\\Application->Illuminate\\Foundation\\{closure}()
#28 E:\\OpenServer\\domains\\vittim.live\\vendor\\laravel\\framework\\src\\Illuminate\\Foundation\\Application.php(840): array_walk()
#29 E:\\OpenServer\\domains\\vittim.live\\vendor\\laravel\\framework\\src\\Illuminate\\Foundation\\Bootstrap\\BootProviders.php(17): Illuminate\\Foundation\\Application->boot()
#30 E:\\OpenServer\\domains\\vittim.live\\vendor\\laravel\\framework\\src\\Illuminate\\Foundation\\Application.php(219): Illuminate\\Foundation\\Bootstrap\\BootProviders->bootstrap()
#31 E:\\OpenServer\\domains\\vittim.live\\vendor\\laravel\\framework\\src\\Illuminate\\Foundation\\Http\\Kernel.php(156): Illuminate\\Foundation\\Application->bootstrapWith()
#32 E:\\OpenServer\\domains\\vittim.live\\vendor\\laravel\\framework\\src\\Illuminate\\Foundation\\Http\\Kernel.php(140): Illuminate\\Foundation\\Http\\Kernel->bootstrap()
#33 E:\\OpenServer\\domains\\vittim.live\\vendor\\laravel\\framework\\src\\Illuminate\\Foundation\\Http\\Kernel.php(110): Illuminate\\Foundation\\Http\\Kernel->sendRequestThroughRouter()
#34 E:\\OpenServer\\domains\\vittim.live\\public\\main.php(109): Illuminate\\Foundation\\Http\\Kernel->handle()
#35 E:\\OpenServer\\domains\\vittim.live\\public\\index.php(32): require('E:\\\\OpenServer\\\\d...')
#36 {main}

[previous exception] [object] (Doctrine\\DBAL\\Driver\\PDO\\Exception(code: 1045): SQLSTATE[HY000] [1045] Access denied for user 'forge'@'localhost' (using password: NO) at E:\\OpenServer\\domains\\vittim.live\\vendor\\doctrine\\dbal\\lib\\Doctrine\\DBAL\\Driver\\PDO\\Exception.php:18)
[stacktrace]
#0 E:\\OpenServer\\domains\\vittim.live\\vendor\\doctrine\\dbal\\lib\\Doctrine\\DBAL\\Driver\\PDOConnection.php(43): Doctrine\\DBAL\\Driver\\PDO\\Exception::new()
#1 E:\\OpenServer\\domains\\vittim.live\\vendor\\laravel\\framework\\src\\Illuminate\\Database\\Connectors\\Connector.php(67): Doctrine\\DBAL\\Driver\\PDOConnection->__construct()
#2 E:\\OpenServer\\domains\\vittim.live\\vendor\\laravel\\framework\\src\\Illuminate\\Database\\Connectors\\Connector.php(46): Illuminate\\Database\\Connectors\\Connector->createPdoConnection()
#3 E:\\OpenServer\\domains\\vittim.live\\vendor\\laravel\\framework\\src\\Illuminate\\Database\\Connectors\\MySqlConnector.php(24): Illuminate\\Database\\Connectors\\Connector->createConnection()
#4 E:\\OpenServer\\domains\\vittim.live\\vendor\\laravel\\framework\\src\\Illuminate\\Database\\Connectors\\ConnectionFactory.php(182): Illuminate\\Database\\Connectors\\MySqlConnector->connect()
#5 [internal function]: Illuminate\\Database\\Connectors\\ConnectionFactory->Illuminate\\Database\\Connectors\\{closure}()
#6 E:\\OpenServer\\domains\\vittim.live\\vendor\\laravel\\framework\\src\\Illuminate\\Database\\Connection.php(924): call_user_func()
#7 E:\\OpenServer\\domains\\vittim.live\\vendor\\laravel\\framework\\src\\Illuminate\\Database\\Connection.php(959): Illuminate\\Database\\Connection->getPdo()
#8 E:\\OpenServer\\domains\\vittim.live\\vendor\\laravel\\framework\\src\\Illuminate\\Database\\Connection.php(404): Illuminate\\Database\\Connection->getReadPdo()
#9 E:\\OpenServer\\domains\\vittim.live\\vendor\\laravel\\framework\\src\\Illuminate\\Database\\Connection.php(330): Illuminate\\Database\\Connection->getPdoForSelect()
#10 E:\\OpenServer\\domains\\vittim.live\\vendor\\laravel\\framework\\src\\Illuminate\\Database\\Connection.php(662): Illuminate\\Database\\Connection->Illuminate\\Database\\{closure}()
#11 E:\\OpenServer\\domains\\vittim.live\\vendor\\laravel\\framework\\src\\Illuminate\\Database\\Connection.php(629): Illuminate\\Database\\Connection->runQueryCallback()
#12 E:\\OpenServer\\domains\\vittim.live\\vendor\\laravel\\framework\\src\\Illuminate\\Database\\Connection.php(338): Illuminate\\Database\\Connection->run()
#13 E:\\OpenServer\\domains\\vittim.live\\vendor\\laravel\\framework\\src\\Illuminate\\Database\\Schema\\MySqlBuilder.php(18): Illuminate\\Database\\Connection->select()
#14 E:\\OpenServer\\domains\\vittim.live\\vendor\\laravel\\framework\\src\\Illuminate\\Support\\Facades\\Facade.php(261): Illuminate\\Database\\Schema\\MySqlBuilder->hasTable()
#15 E:\\OpenServer\\domains\\vittim.live\\app\\Page.php(112): Illuminate\\Support\\Facades\\Facade::__callStatic()
#16 E:\\OpenServer\\domains\\vittim.live\outes\\web.php(461): App\\Page::get_reports_routes()
#17 E:\\OpenServer\\domains\\vittim.live\\vendor\\laravel\\framework\\src\\Illuminate\\Routing\\RouteFileRegistrar.php(35): require('E:\\\\OpenServer\\\\d...')
#18 E:\\OpenServer\\domains\\vittim.live\\vendor\\laravel\\framework\\src\\Illuminate\\Routing\\Router.php(416): Illuminate\\Routing\\RouteFileRegistrar->register()
#19 E:\\OpenServer\\domains\\vittim.live\\vendor\\laravel\\framework\\src\\Illuminate\\Routing\\Router.php(374): Illuminate\\Routing\\Router->loadRoutes()
#20 E:\\OpenServer\\domains\\vittim.live\\vendor\\laravel\\framework\\src\\Illuminate\\Routing\\RouteRegistrar.php(122): Illuminate\\Routing\\Router->group()
#21 E:\\OpenServer\\domains\\vittim.live\\app\\Providers\\RouteServiceProvider.php(70): Illuminate\\Routing\\RouteRegistrar->group()
#22 E:\\OpenServer\\domains\\vittim.live\\app\\Providers\\RouteServiceProvider.php(52): App\\Providers\\RouteServiceProvider->mapWebRoutes()
#23 E:\\OpenServer\\domains\\vittim.live\\vendor\\laravel\\framework\\src\\Illuminate\\Container\\BoundMethod.php(36): App\\Providers\\RouteServiceProvider->map()
#24 E:\\OpenServer\\domains\\vittim.live\\vendor\\laravel\\framework\\src\\Illuminate\\Container\\Util.php(37): Illuminate\\Container\\BoundMethod::Illuminate\\Container\\{closure}()
#25 E:\\OpenServer\\domains\\vittim.live\\vendor\\laravel\\framework\\src\\Illuminate\\Container\\BoundMethod.php(93): Illuminate\\Container\\Util::unwrapIfClosure()
#26 E:\\OpenServer\\domains\\vittim.live\\vendor\\laravel\\framework\\src\\Illuminate\\Container\\BoundMethod.php(37): Illuminate\\Container\\BoundMethod::callBoundMethod()
#27 E:\\OpenServer\\domains\\vittim.live\\vendor\\laravel\\framework\\src\\Illuminate\\Container\\Container.php(590): Illuminate\\Container\\BoundMethod::call()
#28 E:\\OpenServer\\domains\\vittim.live\\vendor\\laravel\\framework\\src\\Illuminate\\Foundation\\Support\\Providers\\RouteServiceProvider.php(87): Illuminate\\Container\\Container->call()
#29 E:\\OpenServer\\domains\\vittim.live\\vendor\\laravel\\framework\\src\\Illuminate\\Foundation\\Support\\Providers\\RouteServiceProvider.php(36): Illuminate\\Foundation\\Support\\Providers\\RouteServiceProvider->loadRoutes()
#30 E:\\OpenServer\\domains\\vittim.live\\app\\Providers\\RouteServiceProvider.php(41): Illuminate\\Foundation\\Support\\Providers\\RouteServiceProvider->boot()
#31 E:\\OpenServer\\domains\\vittim.live\\vendor\\laravel\\framework\\src\\Illuminate\\Container\\BoundMethod.php(36): App\\Providers\\RouteServiceProvider->boot()
#32 E:\\OpenServer\\domains\\vittim.live\\vendor\\laravel\\framework\\src\\Illuminate\\Container\\Util.php(37): Illuminate\\Container\\BoundMethod::Illuminate\\Container\\{closure}()
#33 E:\\OpenServer\\domains\\vittim.live\\vendor\\laravel\\framework\\src\\Illuminate\\Container\\BoundMethod.php(93): Illuminate\\Container\\Util::unwrapIfClosure()
#34 E:\\OpenServer\\domains\\vittim.live\\vendor\\laravel\\framework\\src\\Illuminate\\Container\\BoundMethod.php(37): Illuminate\\Container\\BoundMethod::callBoundMethod()
#35 E:\\OpenServer\\domains\\vittim.live\\vendor\\laravel\\framework\\src\\Illuminate\\Container\\Container.php(590): Illuminate\\Container\\BoundMethod::call()
#36 E:\\OpenServer\\domains\\vittim.live\\vendor\\laravel\\framework\\src\\Illuminate\\Foundation\\Application.php(856): Illuminate\\Container\\Container->call()
#37 E:\\OpenServer\\domains\\vittim.live\\vendor\\laravel\\framework\\src\\Illuminate\\Foundation\\Application.php(839): Illuminate\\Foundation\\Application->bootProvider()
#38 [internal function]: Illuminate\\Foundation\\Application->Illuminate\\Foundation\\{closure}()
#39 E:\\OpenServer\\domains\\vittim.live\\vendor\\laravel\\framework\\src\\Illuminate\\Foundation\\Application.php(840): array_walk()
#40 E:\\OpenServer\\domains\\vittim.live\\vendor\\laravel\\framework\\src\\Illuminate\\Foundation\\Bootstrap\\BootProviders.php(17): Illuminate\\Foundation\\Application->boot()
#41 E:\\OpenServer\\domains\\vittim.live\\vendor\\laravel\\framework\\src\\Illuminate\\Foundation\\Application.php(219): Illuminate\\Foundation\\Bootstrap\\BootProviders->bootstrap()
#42 E:\\OpenServer\\domains\\vittim.live\\vendor\\laravel\\framework\\src\\Illuminate\\Foundation\\Http\\Kernel.php(156): Illuminate\\Foundation\\Application->bootstrapWith()
#43 E:\\OpenServer\\domains\\vittim.live\\vendor\\laravel\\framework\\src\\Illuminate\\Foundation\\Http\\Kernel.php(140): Illuminate\\Foundation\\Http\\Kernel->bootstrap()
#44 E:\\OpenServer\\domains\\vittim.live\\vendor\\laravel\\framework\\src\\Illuminate\\Foundation\\Http\\Kernel.php(110): Illuminate\\Foundation\\Http\\Kernel->sendRequestThroughRouter()
#45 E:\\OpenServer\\domains\\vittim.live\\public\\main.php(109): Illuminate\\Foundation\\Http\\Kernel->handle()
#46 E:\\OpenServer\\domains\\vittim.live\\public\\index.php(32): require('E:\\\\OpenServer\\\\d...')
#47 {main}

[previous exception] [object] (PDOException(code: 1045): SQLSTATE[HY000] [1045] Access denied for user 'forge'@'localhost' (using password: NO) at E:\\OpenServer\\domains\\vittim.live\\vendor\\doctrine\\dbal\\lib\\Doctrine\\DBAL\\Driver\\PDOConnection.php:39)
[stacktrace]
#0 E:\\OpenServer\\domains\\vittim.live\\vendor\\doctrine\\dbal\\lib\\Doctrine\\DBAL\\Driver\\PDOConnection.php(39): PDO->__construct()
#1 E:\\OpenServer\\domains\\vittim.live\\vendor\\laravel\\framework\\src\\Illuminate\\Database\\Connectors\\Connector.php(67): Doctrine\\DBAL\\Driver\\PDOConnection->__construct()
#2 E:\\OpenServer\\domains\\vittim.live\\vendor\\laravel\\framework\\src\\Illuminate\\Database\\Connectors\\Connector.php(46): Illuminate\\Database\\Connectors\\Connector->createPdoConnection()
#3 E:\\OpenServer\\domains\\vittim.live\\vendor\\laravel\\framework\\src\\Illuminate\\Database\\Connectors\\MySqlConnector.php(24): Illuminate\\Database\\Connectors\\Connector->createConnection()
#4 E:\\OpenServer\\domains\\vittim.live\\vendor\\laravel\\framework\\src\\Illuminate\\Database\\Connectors\\ConnectionFactory.php(182): Illuminate\\Database\\Connectors\\MySqlConnector->connect()
#5 [internal function]: Illuminate\\Database\\Connectors\\ConnectionFactory->Illuminate\\Database\\Connectors\\{closure}()
#6 E:\\OpenServer\\domains\\vittim.live\\vendor\\laravel\\framework\\src\\Illuminate\\Database\\Connection.php(924): call_user_func()
#7 E:\\OpenServer\\domains\\vittim.live\\vendor\\laravel\\framework\\src\\Illuminate\\Database\\Connection.php(959): Illuminate\\Database\\Connection->getPdo()
#8 E:\\OpenServer\\domains\\vittim.live\\vendor\\laravel\\framework\\src\\Illuminate\\Database\\Connection.php(404): Illuminate\\Database\\Connection->getReadPdo()
#9 E:\\OpenServer\\domains\\vittim.live\\vendor\\laravel\\framework\\src\\Illuminate\\Database\\Connection.php(330): Illuminate\\Database\\Connection->getPdoForSelect()
#10 E:\\OpenServer\\domains\\vittim.live\\vendor\\laravel\\framework\\src\\Illuminate\\Database\\Connection.php(662): Illuminate\\Database\\Connection->Illuminate\\Database\\{closure}()
#11 E:\\OpenServer\\domains\\vittim.live\\vendor\\laravel\\framework\\src\\Illuminate\\Database\\Connection.php(629): Illuminate\\Database\\Connection->runQueryCallback()
#12 E:\\OpenServer\\domains\\vittim.live\\vendor\\laravel\\framework\\src\\Illuminate\\Database\\Connection.php(338): Illuminate\\Database\\Connection->run()
#13 E:\\OpenServer\\domains\\vittim.live\\vendor\\laravel\\framework\\src\\Illuminate\\Database\\Schema\\MySqlBuilder.php(18): Illuminate\\Database\\Connection->select()
#14 E:\\OpenServer\\domains\\vittim.live\\vendor\\laravel\\framework\\src\\Illuminate\\Support\\Facades\\Facade.php(261): Illuminate\\Database\\Schema\\MySqlBuilder->hasTable()
#15 E:\\OpenServer\\domains\\vittim.live\\app\\Page.php(112): Illuminate\\Support\\Facades\\Facade::__callStatic()
#16 E:\\OpenServer\\domains\\vittim.live\outes\\web.php(461): App\\Page::get_reports_routes()
#17 E:\\OpenServer\\domains\\vittim.live\\vendor\\laravel\\framework\\src\\Illuminate\\Routing\\RouteFileRegistrar.php(35): require('E:\\\\OpenServer\\\\d...')
#18 E:\\OpenServer\\domains\\vittim.live\\vendor\\laravel\\framework\\src\\Illuminate\\Routing\\Router.php(416): Illuminate\\Routing\\RouteFileRegistrar->register()
#19 E:\\OpenServer\\domains\\vittim.live\\vendor\\laravel\\framework\\src\\Illuminate\\Routing\\Router.php(374): Illuminate\\Routing\\Router->loadRoutes()
#20 E:\\OpenServer\\domains\\vittim.live\\vendor\\laravel\\framework\\src\\Illuminate\\Routing\\RouteRegistrar.php(122): Illuminate\\Routing\\Router->group()
#21 E:\\OpenServer\\domains\\vittim.live\\app\\Providers\\RouteServiceProvider.php(70): Illuminate\\Routing\\RouteRegistrar->group()
#22 E:\\OpenServer\\domains\\vittim.live\\app\\Providers\\RouteServiceProvider.php(52): App\\Providers\\RouteServiceProvider->mapWebRoutes()
#23 E:\\OpenServer\\domains\\vittim.live\\vendor\\laravel\\framework\\src\\Illuminate\\Container\\BoundMethod.php(36): App\\Providers\\RouteServiceProvider->map()
#24 E:\\OpenServer\\domains\\vittim.live\\vendor\\laravel\\framework\\src\\Illuminate\\Container\\Util.php(37): Illuminate\\Container\\BoundMethod::Illuminate\\Container\\{closure}()
#25 E:\\OpenServer\\domains\\vittim.live\\vendor\\laravel\\framework\\src\\Illuminate\\Container\\BoundMethod.php(93): Illuminate\\Container\\Util::unwrapIfClosure()
#26 E:\\OpenServer\\domains\\vittim.live\\vendor\\laravel\\framework\\src\\Illuminate\\Container\\BoundMethod.php(37): Illuminate\\Container\\BoundMethod::callBoundMethod()
#27 E:\\OpenServer\\domains\\vittim.live\\vendor\\laravel\\framework\\src\\Illuminate\\Container\\Container.php(590): Illuminate\\Container\\BoundMethod::call()
#28 E:\\OpenServer\\domains\\vittim.live\\vendor\\laravel\\framework\\src\\Illuminate\\Foundation\\Support\\Providers\\RouteServiceProvider.php(87): Illuminate\\Container\\Container->call()
#29 E:\\OpenServer\\domains\\vittim.live\\vendor\\laravel\\framework\\src\\Illuminate\\Foundation\\Support\\Providers\\RouteServiceProvider.php(36): Illuminate\\Foundation\\Support\\Providers\\RouteServiceProvider->loadRoutes()
#30 E:\\OpenServer\\domains\\vittim.live\\app\\Providers\\RouteServiceProvider.php(41): Illuminate\\Foundation\\Support\\Providers\\RouteServiceProvider->boot()
#31 E:\\OpenServer\\domains\\vittim.live\\vendor\\laravel\\framework\\src\\Illuminate\\Container\\BoundMethod.php(36): App\\Providers\\RouteServiceProvider->boot()
#32 E:\\OpenServer\\domains\\vittim.live\\vendor\\laravel\\framework\\src\\Illuminate\\Container\\Util.php(37): Illuminate\\Container\\BoundMethod::Illuminate\\Container\\{closure}()
#33 E:\\OpenServer\\domains\\vittim.live\\vendor\\laravel\\framework\\src\\Illuminate\\Container\\BoundMethod.php(93): Illuminate\\Container\\Util::unwrapIfClosure()
#34 E:\\OpenServer\\domains\\vittim.live\\vendor\\laravel\\framework\\src\\Illuminate\\Container\\BoundMethod.php(37): Illuminate\\Container\\BoundMethod::callBoundMethod()
#35 E:\\OpenServer\\domains\\vittim.live\\vendor\\laravel\\framework\\src\\Illuminate\\Container\\Container.php(590): Illuminate\\Container\\BoundMethod::call()
#36 E:\\OpenServer\\domains\\vittim.live\\vendor\\laravel\\framework\\src\\Illuminate\\Foundation\\Application.php(856): Illuminate\\Container\\Container->call()
#37 E:\\OpenServer\\domains\\vittim.live\\vendor\\laravel\\framework\\src\\Illuminate\\Foundation\\Application.php(839): Illuminate\\Foundation\\Application->bootProvider()
#38 [internal function]: Illuminate\\Foundation\\Application->Illuminate\\Foundation\\{closure}()
#39 E:\\OpenServer\\domains\\vittim.live\\vendor\\laravel\\framework\\src\\Illuminate\\Foundation\\Application.php(840): array_walk()
#40 E:\\OpenServer\\domains\\vittim.live\\vendor\\laravel\\framework\\src\\Illuminate\\Foundation\\Bootstrap\\BootProviders.php(17): Illuminate\\Foundation\\Application->boot()
#41 E:\\OpenServer\\domains\\vittim.live\\vendor\\laravel\\framework\\src\\Illuminate\\Foundation\\Application.php(219): Illuminate\\Foundation\\Bootstrap\\BootProviders->bootstrap()
#42 E:\\OpenServer\\domains\\vittim.live\\vendor\\laravel\\framework\\src\\Illuminate\\Foundation\\Http\\Kernel.php(156): Illuminate\\Foundation\\Application->bootstrapWith()
#43 E:\\OpenServer\\domains\\vittim.live\\vendor\\laravel\\framework\\src\\Illuminate\\Foundation\\Http\\Kernel.php(140): Illuminate\\Foundation\\Http\\Kernel->bootstrap()
#44 E:\\OpenServer\\domains\\vittim.live\\vendor\\laravel\\framework\\src\\Illuminate\\Foundation\\Http\\Kernel.php(110): Illuminate\\Foundation\\Http\\Kernel->sendRequestThroughRouter()
#45 E:\\OpenServer\\domains\\vittim.live\\public\\main.php(109): Illuminate\\Foundation\\Http\\Kernel->handle()
#46 E:\\OpenServer\\domains\\vittim.live\\public\\index.php(32): require('E:\\\\OpenServer\\\\d...')
#47 {main}
"} 
